1614391618421	geckodriver	INFO	Listening on 127.0.0.1:57453
1614391618424	mozrunner::runner	INFO	Running command: "/usr/bin/firefox" "--marionette" "-foreground" "-no-remote" "-profile" "/tmp/rust_mozprofilenDQHV1"
Gtk-Message: 21:06:58.844: Failed to load module "appmenu-gtk-module"
Gtk-Message: 21:06:59.802: Failed to load module "appmenu-gtk-module"
console.warn: SearchSettings: "get: No settings file exists, new profile?" (new Error("", "(unknown module)"))
Gtk-Message: 21:07:01.096: Failed to load module "appmenu-gtk-module"
1614391621490	Marionette	INFO	Listening on port 42231
1614391621553	Marionette	WARN	TLS certificate errors will be ignored for this session
Gtk-Message: 21:07:02.332: Failed to load module "appmenu-gtk-module"
Gtk-Message: 21:07:03.529: Failed to load module "appmenu-gtk-module"
1614391630921	Marionette	INFO	Stopped listening on port 42231
1614391718256	geckodriver	INFO	Listening on 127.0.0.1:52593
1614391718260	mozrunner::runner	INFO	Running command: "/usr/bin/firefox" "--marionette" "-foreground" "-no-remote" "-profile" "/tmp/rust_mozprofilepMC7rx"
Gtk-Message: 21:08:38.658: Failed to load module "appmenu-gtk-module"
Gtk-Message: 21:08:39.555: Failed to load module "appmenu-gtk-module"
console.warn: SearchSettings: "get: No settings file exists, new profile?" (new Error("", "(unknown module)"))
Gtk-Message: 21:08:40.897: Failed to load module "appmenu-gtk-module"
1614391721219	Marionette	INFO	Listening on port 45027
1614391721285	Marionette	WARN	TLS certificate errors will be ignored for this session
Gtk-Message: 21:08:42.218: Failed to load module "appmenu-gtk-module"
Gtk-Message: 21:08:43.417: Failed to load module "appmenu-gtk-module"
1614391730824	Marionette	INFO	Stopped listening on port 45027
1614391735619	geckodriver	INFO	Listening on 127.0.0.1:33363
1614391735623	mozrunner::runner	INFO	Running command: "/usr/bin/firefox" "--marionette" "-foreground" "-no-remote" "-profile" "/tmp/rust_mozprofileFKFVa7"
Gtk-Message: 21:08:56.082: Failed to load module "appmenu-gtk-module"
Gtk-Message: 21:08:56.955: Failed to load module "appmenu-gtk-module"
console.warn: SearchSettings: "get: No settings file exists, new profile?" (new Error("", "(unknown module)"))
Gtk-Message: 21:08:58.292: Failed to load module "appmenu-gtk-module"
1614391738633	Marionette	INFO	Listening on port 45131
1614391738760	Marionette	WARN	TLS certificate errors will be ignored for this session
Gtk-Message: 21:08:59.703: Failed to load module "appmenu-gtk-module"
Gtk-Message: 21:09:00.835: Failed to load module "appmenu-gtk-module"
1614391748003	Marionette	INFO	Stopped listening on port 45131
1614391994559	geckodriver	INFO	Listening on 127.0.0.1:53503
1614391994565	mozrunner::runner	INFO	Running command: "/usr/bin/firefox" "--marionette" "-foreground" "-no-remote" "-profile" "/tmp/rust_mozprofileQUBa8y"
Gtk-Message: 21:13:15.221: Failed to load module "appmenu-gtk-module"
Gtk-Message: 21:13:16.516: Failed to load module "appmenu-gtk-module"
console.warn: SearchSettings: "get: No settings file exists, new profile?" (new Error("", "(unknown module)"))
Gtk-Message: 21:13:18.453: Failed to load module "appmenu-gtk-module"
1614391998753	Marionette	INFO	Listening on port 37533
1614391998803	Marionette	WARN	TLS certificate errors will be ignored for this session
Gtk-Message: 21:13:19.781: Failed to load module "appmenu-gtk-module"
Gtk-Message: 21:13:21.132: Failed to load module "appmenu-gtk-module"
1614392008533	Marionette	INFO	Stopped listening on port 37533
